<?xml version="1.0" encoding="UTF-8"?>
<testsuite name="dk.edutor.eduport.simple.SimpleCheckerTest" tests="1" skipped="0" failures="0" errors="0" timestamp="2018-04-17T09:53:46" hostname="Anders-MacBook.local" time="0.007">
  <properties/>
  <testcase name="testSayHelloKurt" classname="dk.edutor.eduport.simple.SimpleCheckerTest" time="0.007"/>
  <system-out><![CDATA[]]></system-out>
  <system-err><![CDATA[]]></system-err>
</testsuite>
